<?xml version="1.0" encoding="UTF-8" ?>
<testsuite errors="0" failures="134" hostname="easy-lab-pedro" name="RandoopTest" tests="136" time="0.139" timestamp="2017-12-15T13:06:25">
  <properties>
    <property name="java.vendor" value="Oracle Corporation" />
    <property name="test.name" value="RandoopTest.class" />
    <property name="localRepository" value="/home/pedro/.m2/repository" />
    <property name="sun.java.launcher" value="SUN_STANDARD" />
    <property name="sun.management.compiler" value="HotSpot 64-Bit Tiered Compilers" />
    <property name="emma.filter" value="" />
    <property name="lib" value="/home/pedro/Documents/Nimrod/src/test/subjects/subject14target/bin" />
    <property name="os.name" value="Linux" />
    <property name="sun.boot.class.path" value="/usr/lib/jvm/java-8-oracle/jre/lib/resources.jar:/usr/lib/jvm/java-8-oracle/jre/lib/rt.jar:/usr/lib/jvm/java-8-oracle/jre/lib/sunrsasign.jar:/usr/lib/jvm/java-8-oracle/jre/lib/jsse.jar:/usr/lib/jvm/java-8-oracle/jre/lib/jce.jar:/usr/lib/jvm/java-8-oracle/jre/lib/charsets.jar:/usr/lib/jvm/java-8-oracle/jre/lib/jfr.jar:/usr/lib/jvm/java-8-oracle/jre/classes" />
    <property name="user.country.format" value="BR" />
    <property name="out.instr.dir" value="src/test/subjects/subject14source/test/outinstr" />
    <property name="sun.desktop" value="gnome" />
    <property name="java.vm.specification.vendor" value="Oracle Corporation" />
    <property name="java.runtime.version" value="1.8.0_151-b12" />
    <property name="user.name" value="pedro" />
    <property name="user.language.format" value="pt" />
    <property name="user.language" value="en" />
    <property name="sun.boot.library.path" value="/usr/lib/jvm/java-8-oracle/jre/lib/amd64" />
    <property name="ant.project.default-target" value="run_target" />
    <property name="ant.project.name" value="RefactoringProject" />
    <property name="java.version" value="1.8.0_151" />
    <property name="user.timezone" value="" />
    <property name="sun.arch.data.model" value="64" />
    <property name="emma.coverage.out.file" value="src/test/subjects/subject14source/test/coverage/coverage.emma" />
    <property name="java.endorsed.dirs" value="/usr/lib/jvm/java-8-oracle/jre/lib/endorsed" />
    <property name="sun.cpu.isalist" value="" />
    <property name="sun.jnu.encoding" value="UTF-8" />
    <property name="file.encoding.pkg" value="sun.io" />
    <property name="file.separator" value="/" />
    <property name="java.specification.name" value="Java Platform API Specification" />
    <property name="java.class.version" value="52.0" />
    <property name="user.country" value="US" />
    <property name="java.home" value="/usr/lib/jvm/java-8-oracle/jre" />
    <property name="java.vm.info" value="mixed mode" />
    <property name="os.version" value="4.10.0-40-generic" />
    <property name="surefire.real.class.path" value="/home/pedro/Documents/Nimrod/target/surefire/surefirebooter4645561749723713196.jar" />
    <property name="path.separator" value=":" />
    <property name="java.vm.version" value="25.151-b12" />
    <property name="java.awt.printerjob" value="sun.print.PSPrinterJob" />
    <property name="sun.io.unicode.encoding" value="UnicodeLittle" />
    <property name="awt.toolkit" value="sun.awt.X11.XToolkit" />
    <property name="coverage.dir" value="src/test/subjects/subject14source/test/coverage" />
    <property name="user.home" value="/home/pedro" />
    <property name="target" value="/home/pedro/Documents/Nimrod/src/test/subjects/subject14target" />
    <property name="java.specification.vendor" value="Oracle Corporation" />
    <property name="java.library.path" value="/usr/java/packages/lib/amd64:/usr/lib64:/lib64:/lib:/usr/lib" />
    <property name="java.vendor.url" value="http://java.oracle.com/" />
    <property name="java.vm.vendor" value="Oracle Corporation" />
    <property name="java.runtime.name" value="Java(TM) SE Runtime Environment" />
    <property name="sun.java.command" value="org.apache.tools.ant.taskdefs.optional.junit.JUnitTestRunner RandoopTest filtertrace=true haltOnError=false haltOnFailure=false formatter=org.apache.tools.ant.taskdefs.optional.junit.SummaryJUnitResultFormatter showoutput=false outputtoformatters=true logfailedtests=true logtestlistenerevents=true formatter=org.apache.tools.ant.taskdefs.optional.junit.XMLJUnitResultFormatter,/home/pedro/Documents/Nimrod/TEST-RandoopTest.xml crashfile=/home/pedro/Documents/Nimrod/junitvmwatcher1134873827715387902.properties propsfile=/home/pedro/Documents/Nimrod/junit1458686921874245841.properties" />
    <property name="ant.file.RefactoringProject" value="file:/home/pedro/Documents/Nimrod/target/classes/build_coverage.xml" />
    <property name="java.class.path" value="/home/pedro/Documents/Nimrod/src/test/subjects/subject14source/test/outinstr:/home/pedro/Documents/Nimrod/src/test/subjects/subject14target/bin:/home/pedro/Documents/Nimrod/target/test-classes:/home/pedro/Documents/Nimrod/target/classes:/home/pedro/.m2/repository/org/apache/ant/ant/1.8.1/ant-1.8.1.jar:/home/pedro/.m2/repository/org/apache/ant/ant-junit/1.8.1/ant-junit-1.8.1.jar:/home/pedro/.m2/repository/org/apache/ant/ant-launcher/1.8.1/ant-launcher-1.8.1.jar:/home/pedro/.m2/repository/asm/asm/3.0/asm-3.0.jar:/home/pedro/.m2/repository/org/aspectj/aspectjrt/1.6.12/aspectjrt-1.6.12.jar:/home/pedro/.m2/repository/org/aspectj/aspectjtools/1.6.12/aspectjtools-1.6.12.jar:/home/pedro/.m2/repository/org/apache/bcel/bcel/5.2/bcel-5.2.jar:/home/pedro/.m2/repository/jakarta-regexp/jakarta-regexp/1.4/jakarta-regexp-1.4.jar:/home/pedro/.m2/repository/commons-io/commons-io/1.4/commons-io-1.4.jar:/home/pedro/.m2/repository/commons-lang/commons-lang/2.4/commons-lang-2.4.jar:/home/pedro/.m2/repository/emma/emma/2.1.5320/emma-2.1.5320.jar:/home/pedro/.m2/repository/emma/emma_ant/2.1.5320/emma_ant-2.1.5320.jar:/home/pedro/.m2/repository/oro/oro/2.0.8/oro-2.0.8.jar:/home/pedro/.m2/repository/com/google/code/javaparser/javaparser/1.0.8/javaparser-1.0.8.jar:/home/pedro/.m2/repository/org/jdom/jdom/1.1.3/jdom-1.1.3.jar:/home/pedro/Documents/Nimrod/lib/junit-4.8.2.jar:/home/pedro/.m2/repository/org/tinyjee/jgraphx/jgraphx/2.0.0.1/jgraphx-2.0.0.1.jar:/home/pedro/.m2/repository/org/jgrapht/jgrapht-ext/1.0.1/jgrapht-ext-1.0.1.jar:/home/pedro/.m2/repository/org/jgrapht/jgrapht-core/1.0.1/jgrapht-core-1.0.1.jar:/home/pedro/.m2/repository/jgraph/jgraph/5.13.0.0/jgraph-5.13.0.0.jar:/home/pedro/.m2/repository/org/antlr/antlr4-runtime/4.5.3/antlr4-runtime-4.5.3.jar:/home/pedro/.m2/repository/org/eclipse/jdt/org.eclipse.jdt.core/3.10.0/org.eclipse.jdt.core-3.10.0.jar:/home/pedro/.m2/repository/org/eclipse/core/org.eclipse.core.resources/3.7.100/org.eclipse.core.resources-3.7.100.jar:/home/pedro/.m2/repository/org/eclipse/core/org.eclipse.core.expressions/3.4.300/org.eclipse.core.expressions-3.4.300.jar:/home/pedro/.m2/repository/org/eclipse/core/org.eclipse.core.runtime/3.7.0/org.eclipse.core.runtime-3.7.0.jar:/home/pedro/.m2/repository/org/eclipse/osgi/org.eclipse.osgi/3.7.1/org.eclipse.osgi-3.7.1.jar:/home/pedro/.m2/repository/org/eclipse/equinox/org.eclipse.equinox.common/3.6.0/org.eclipse.equinox.common-3.6.0.jar:/home/pedro/.m2/repository/org/eclipse/core/org.eclipse.core.jobs/3.5.100/org.eclipse.core.jobs-3.5.100.jar:/home/pedro/.m2/repository/org/eclipse/equinox/org.eclipse.equinox.registry/3.5.101/org.eclipse.equinox.registry-3.5.101.jar:/home/pedro/.m2/repository/org/eclipse/equinox/org.eclipse.equinox.preferences/3.4.1/org.eclipse.equinox.preferences-3.4.1.jar:/home/pedro/.m2/repository/org/eclipse/core/org.eclipse.core.contenttype/3.4.100/org.eclipse.core.contenttype-3.4.100.jar:/home/pedro/.m2/repository/org/eclipse/equinox/org.eclipse.equinox.app/1.3.100/org.eclipse.equinox.app-1.3.100.jar:/home/pedro/.m2/repository/org/eclipse/core/org.eclipse.core.filesystem/1.3.100/org.eclipse.core.filesystem-1.3.100.jar:/home/pedro/.m2/repository/org/eclipse/text/org.eclipse.text/3.5.101/org.eclipse.text-3.5.101.jar:/home/pedro/.m2/repository/org/eclipse/core/org.eclipse.core.commands/3.6.0/org.eclipse.core.commands-3.6.0.jar:/home/pedro/Documents/Nimrod/lib/plume.jar:/home/pedro/Documents/Nimrod/src/test/subjects/subject14source/test" />
    <property name="ant.version" value="Apache Ant version 1.8.1 compiled on April 30 2010" />
    <property name="targetBin" value="/home/pedro/Documents/Nimrod/src/test/subjects/subject14target/bin" />
    <property name="java.vm.specification.name" value="Java Virtual Machine Specification" />
    <property name="java.vm.specification.version" value="1.8" />
    <property name="sun.cpu.endian" value="little" />
    <property name="sun.os.patch.level" value="unknown" />
    <property name="surefire.test.class.path" value="/home/pedro/Documents/Nimrod/target/test-classes:/home/pedro/Documents/Nimrod/target/classes:/home/pedro/.m2/repository/org/apache/ant/ant/1.8.1/ant-1.8.1.jar:/home/pedro/.m2/repository/org/apache/ant/ant-junit/1.8.1/ant-junit-1.8.1.jar:/home/pedro/.m2/repository/org/apache/ant/ant-launcher/1.8.1/ant-launcher-1.8.1.jar:/home/pedro/.m2/repository/asm/asm/3.0/asm-3.0.jar:/home/pedro/.m2/repository/org/aspectj/aspectjrt/1.6.12/aspectjrt-1.6.12.jar:/home/pedro/.m2/repository/org/aspectj/aspectjtools/1.6.12/aspectjtools-1.6.12.jar:/home/pedro/.m2/repository/org/apache/bcel/bcel/5.2/bcel-5.2.jar:/home/pedro/.m2/repository/jakarta-regexp/jakarta-regexp/1.4/jakarta-regexp-1.4.jar:/home/pedro/.m2/repository/commons-io/commons-io/1.4/commons-io-1.4.jar:/home/pedro/.m2/repository/commons-lang/commons-lang/2.4/commons-lang-2.4.jar:/home/pedro/.m2/repository/emma/emma/2.1.5320/emma-2.1.5320.jar:/home/pedro/.m2/repository/emma/emma_ant/2.1.5320/emma_ant-2.1.5320.jar:/home/pedro/.m2/repository/oro/oro/2.0.8/oro-2.0.8.jar:/home/pedro/.m2/repository/com/google/code/javaparser/javaparser/1.0.8/javaparser-1.0.8.jar:/home/pedro/.m2/repository/org/jdom/jdom/1.1.3/jdom-1.1.3.jar:/home/pedro/Documents/Nimrod/lib/junit-4.8.2.jar:/home/pedro/.m2/repository/org/tinyjee/jgraphx/jgraphx/2.0.0.1/jgraphx-2.0.0.1.jar:/home/pedro/.m2/repository/org/jgrapht/jgrapht-ext/1.0.1/jgrapht-ext-1.0.1.jar:/home/pedro/.m2/repository/org/jgrapht/jgrapht-core/1.0.1/jgrapht-core-1.0.1.jar:/home/pedro/.m2/repository/jgraph/jgraph/5.13.0.0/jgraph-5.13.0.0.jar:/home/pedro/.m2/repository/org/antlr/antlr4-runtime/4.5.3/antlr4-runtime-4.5.3.jar:/home/pedro/.m2/repository/org/eclipse/jdt/org.eclipse.jdt.core/3.10.0/org.eclipse.jdt.core-3.10.0.jar:/home/pedro/.m2/repository/org/eclipse/core/org.eclipse.core.resources/3.7.100/org.eclipse.core.resources-3.7.100.jar:/home/pedro/.m2/repository/org/eclipse/core/org.eclipse.core.expressions/3.4.300/org.eclipse.core.expressions-3.4.300.jar:/home/pedro/.m2/repository/org/eclipse/core/org.eclipse.core.runtime/3.7.0/org.eclipse.core.runtime-3.7.0.jar:/home/pedro/.m2/repository/org/eclipse/osgi/org.eclipse.osgi/3.7.1/org.eclipse.osgi-3.7.1.jar:/home/pedro/.m2/repository/org/eclipse/equinox/org.eclipse.equinox.common/3.6.0/org.eclipse.equinox.common-3.6.0.jar:/home/pedro/.m2/repository/org/eclipse/core/org.eclipse.core.jobs/3.5.100/org.eclipse.core.jobs-3.5.100.jar:/home/pedro/.m2/repository/org/eclipse/equinox/org.eclipse.equinox.registry/3.5.101/org.eclipse.equinox.registry-3.5.101.jar:/home/pedro/.m2/repository/org/eclipse/equinox/org.eclipse.equinox.preferences/3.4.1/org.eclipse.equinox.preferences-3.4.1.jar:/home/pedro/.m2/repository/org/eclipse/core/org.eclipse.core.contenttype/3.4.100/org.eclipse.core.contenttype-3.4.100.jar:/home/pedro/.m2/repository/org/eclipse/equinox/org.eclipse.equinox.app/1.3.100/org.eclipse.equinox.app-1.3.100.jar:/home/pedro/.m2/repository/org/eclipse/core/org.eclipse.core.filesystem/1.3.100/org.eclipse.core.filesystem-1.3.100.jar:/home/pedro/.m2/repository/org/eclipse/text/org.eclipse.text/3.5.101/org.eclipse.text-3.5.101.jar:/home/pedro/.m2/repository/org/eclipse/core/org.eclipse.core.commands/3.6.0/org.eclipse.core.commands-3.6.0.jar:/home/pedro/Documents/Nimrod/lib/plume.jar:" />
    <property name="java.io.tmpdir" value="/tmp" />
    <property name="targetSrc" value="/home/pedro/Documents/Nimrod/src/test/subjects/subject14target/src" />
    <property name="java.vendor.url.bug" value="http://bugreport.sun.com/bugreport/" />
    <property name="os.arch" value="amd64" />
    <property name="java.awt.graphicsenv" value="sun.awt.X11GraphicsEnvironment" />
    <property name="java.ext.dirs" value="/usr/lib/jvm/java-8-oracle/jre/lib/ext:/usr/java/packages/lib/ext" />
    <property name="user.dir" value="/home/pedro/Documents/Nimrod" />
    <property name="emma.coverage.out.merge" value="false" />
    <property name="line.separator" value="
" />
    <property name="java.vm.name" value="Java HotSpot(TM) 64-Bit Server VM" />
    <property name="ant.file.type.RefactoringProject" value="url" />
    <property name="basedir" value="/home/pedro/Documents/Nimrod" />
    <property name="ant.java.version" value="1.6" />
    <property name="ant.core.lib" value="/home/pedro/.m2/repository/org/apache/ant/ant/1.8.1/ant-1.8.1.jar" />
    <property name="tests.folder" value="src/test/subjects/subject14source/test" />
    <property name="emma.enabled" value="true" />
    <property name="file.encoding" value="UTF-8" />
    <property name="java.specification.version" value="1.8" />
    <property name="src.dir" value="/home/pedro/Documents/Nimrod/src/test/subjects/subject14target/src" />
    <property name="out.dir" value="/home/pedro/Documents/Nimrod/src/test/subjects/subject14target/bin" />
  </properties>
  <testcase classname="RandoopTest0" name="test1" time="0.048">
    <failure message="null" type="junit.framework.AssertionFailedError">junit.framework.AssertionFailedError: null
	at RandoopTest0.test1(RandoopTest0.java:23)
</failure>
  </testcase>
  <testcase classname="RandoopTest0" name="test2" time="0.001">
    <failure message="null" type="junit.framework.AssertionFailedError">junit.framework.AssertionFailedError: null
	at RandoopTest0.test2(RandoopTest0.java:59)
</failure>
  </testcase>
  <testcase classname="RandoopTest0" name="test3" time="0.0" />
  <testcase classname="RandoopTest0" name="test4" time="0.0">
    <failure message="null" type="junit.framework.AssertionFailedError">junit.framework.AssertionFailedError: null
	at RandoopTest0.test4(RandoopTest0.java:105)
</failure>
  </testcase>
  <testcase classname="RandoopTest0" name="test5" time="0.0">
    <failure message="null" type="junit.framework.AssertionFailedError">junit.framework.AssertionFailedError: null
	at RandoopTest0.test5(RandoopTest0.java:142)
</failure>
  </testcase>
  <testcase classname="RandoopTest0" name="test6" time="0.001">
    <failure message="null" type="junit.framework.AssertionFailedError">junit.framework.AssertionFailedError: null
	at RandoopTest0.test6(RandoopTest0.java:187)
</failure>
  </testcase>
  <testcase classname="RandoopTest0" name="test7" time="0.0">
    <failure message="null" type="junit.framework.AssertionFailedError">junit.framework.AssertionFailedError: null
	at RandoopTest0.test7(RandoopTest0.java:209)
</failure>
  </testcase>
  <testcase classname="RandoopTest0" name="test8" time="0.001">
    <failure message="null" type="junit.framework.AssertionFailedError">junit.framework.AssertionFailedError: null
	at RandoopTest0.test8(RandoopTest0.java:246)
</failure>
  </testcase>
  <testcase classname="RandoopTest0" name="test9" time="0.0">
    <failure message="null" type="junit.framework.AssertionFailedError">junit.framework.AssertionFailedError: null
	at RandoopTest0.test9(RandoopTest0.java:283)
</failure>
  </testcase>
  <testcase classname="RandoopTest0" name="test10" time="0.0">
    <failure message="null" type="junit.framework.AssertionFailedError">junit.framework.AssertionFailedError: null
	at RandoopTest0.test10(RandoopTest0.java:318)
</failure>
  </testcase>
  <testcase classname="RandoopTest0" name="test11" time="0.001">
    <failure message="null" type="junit.framework.AssertionFailedError">junit.framework.AssertionFailedError: null
	at RandoopTest0.test11(RandoopTest0.java:351)
</failure>
  </testcase>
  <testcase classname="RandoopTest0" name="test12" time="0.0">
    <failure message="null" type="junit.framework.AssertionFailedError">junit.framework.AssertionFailedError: null
	at RandoopTest0.test12(RandoopTest0.java:395)
</failure>
  </testcase>
  <testcase classname="RandoopTest0" name="test13" time="0.001">
    <failure message="null" type="junit.framework.AssertionFailedError">junit.framework.AssertionFailedError: null
	at RandoopTest0.test13(RandoopTest0.java:431)
</failure>
  </testcase>
  <testcase classname="RandoopTest0" name="test14" time="0.0">
    <failure message="null" type="junit.framework.AssertionFailedError">junit.framework.AssertionFailedError: null
	at RandoopTest0.test14(RandoopTest0.java:456)
</failure>
  </testcase>
  <testcase classname="RandoopTest0" name="test15" time="0.0">
    <failure message="null" type="junit.framework.AssertionFailedError">junit.framework.AssertionFailedError: null
	at RandoopTest0.test15(RandoopTest0.java:492)
</failure>
  </testcase>
  <testcase classname="RandoopTest0" name="test16" time="0.001">
    <failure message="null" type="junit.framework.AssertionFailedError">junit.framework.AssertionFailedError: null
	at RandoopTest0.test16(RandoopTest0.java:514)
</failure>
  </testcase>
  <testcase classname="RandoopTest0" name="test17" time="0.0">
    <failure message="null" type="junit.framework.AssertionFailedError">junit.framework.AssertionFailedError: null
	at RandoopTest0.test17(RandoopTest0.java:557)
</failure>
  </testcase>
  <testcase classname="RandoopTest0" name="test18" time="0.0">
    <failure message="null" type="junit.framework.AssertionFailedError">junit.framework.AssertionFailedError: null
	at RandoopTest0.test18(RandoopTest0.java:612)
</failure>
  </testcase>
  <testcase classname="RandoopTest0" name="test19" time="0.001">
    <failure message="null" type="junit.framework.AssertionFailedError">junit.framework.AssertionFailedError: null
	at RandoopTest0.test19(RandoopTest0.java:651)
</failure>
  </testcase>
  <testcase classname="RandoopTest0" name="test20" time="0.0">
    <failure message="null" type="junit.framework.AssertionFailedError">junit.framework.AssertionFailedError: null
	at RandoopTest0.test20(RandoopTest0.java:697)
</failure>
  </testcase>
  <testcase classname="RandoopTest0" name="test21" time="0.001">
    <failure message="null" type="junit.framework.AssertionFailedError">junit.framework.AssertionFailedError: null
	at RandoopTest0.test21(RandoopTest0.java:744)
</failure>
  </testcase>
  <testcase classname="RandoopTest0" name="test22" time="0.0">
    <failure message="null" type="junit.framework.AssertionFailedError">junit.framework.AssertionFailedError: null
	at RandoopTest0.test22(RandoopTest0.java:783)
</failure>
  </testcase>
  <testcase classname="RandoopTest0" name="test23" time="0.001">
    <failure message="null" type="junit.framework.AssertionFailedError">junit.framework.AssertionFailedError: null
	at RandoopTest0.test23(RandoopTest0.java:820)
</failure>
  </testcase>
  <testcase classname="RandoopTest0" name="test24" time="0.0">
    <failure message="null" type="junit.framework.AssertionFailedError">junit.framework.AssertionFailedError: null
	at RandoopTest0.test24(RandoopTest0.java:869)
</failure>
  </testcase>
  <testcase classname="RandoopTest0" name="test25" time="0.001">
    <failure message="null" type="junit.framework.AssertionFailedError">junit.framework.AssertionFailedError: null
	at RandoopTest0.test25(RandoopTest0.java:915)
</failure>
  </testcase>
  <testcase classname="RandoopTest0" name="test26" time="0.0">
    <failure message="null" type="junit.framework.AssertionFailedError">junit.framework.AssertionFailedError: null
	at RandoopTest0.test26(RandoopTest0.java:958)
</failure>
  </testcase>
  <testcase classname="RandoopTest0" name="test27" time="0.0">
    <failure message="null" type="junit.framework.AssertionFailedError">junit.framework.AssertionFailedError: null
	at RandoopTest0.test27(RandoopTest0.java:1014)
</failure>
  </testcase>
  <testcase classname="RandoopTest0" name="test28" time="0.0">
    <failure message="null" type="junit.framework.AssertionFailedError">junit.framework.AssertionFailedError: null
	at RandoopTest0.test28(RandoopTest0.java:1055)
</failure>
  </testcase>
  <testcase classname="RandoopTest0" name="test29" time="0.0">
    <failure message="null" type="junit.framework.AssertionFailedError">junit.framework.AssertionFailedError: null
	at RandoopTest0.test29(RandoopTest0.java:1092)
</failure>
  </testcase>
  <testcase classname="RandoopTest0" name="test30" time="0.001">
    <failure message="null" type="junit.framework.AssertionFailedError">junit.framework.AssertionFailedError: null
	at RandoopTest0.test30(RandoopTest0.java:1122)
</failure>
  </testcase>
  <testcase classname="RandoopTest0" name="test31" time="0.0">
    <failure message="null" type="junit.framework.AssertionFailedError">junit.framework.AssertionFailedError: null
	at RandoopTest0.test31(RandoopTest0.java:1171)
</failure>
  </testcase>
  <testcase classname="RandoopTest0" name="test32" time="0.0">
    <failure message="null" type="junit.framework.AssertionFailedError">junit.framework.AssertionFailedError: null
	at RandoopTest0.test32(RandoopTest0.java:1225)
</failure>
  </testcase>
  <testcase classname="RandoopTest0" name="test33" time="0.0">
    <failure message="null" type="junit.framework.AssertionFailedError">junit.framework.AssertionFailedError: null
	at RandoopTest0.test33(RandoopTest0.java:1257)
</failure>
  </testcase>
  <testcase classname="RandoopTest0" name="test34" time="0.0">
    <failure message="null" type="junit.framework.AssertionFailedError">junit.framework.AssertionFailedError: null
	at RandoopTest0.test34(RandoopTest0.java:1290)
</failure>
  </testcase>
  <testcase classname="RandoopTest0" name="test35" time="0.001">
    <failure message="null" type="junit.framework.AssertionFailedError">junit.framework.AssertionFailedError: null
	at RandoopTest0.test35(RandoopTest0.java:1331)
</failure>
  </testcase>
  <testcase classname="RandoopTest0" name="test36" time="0.0">
    <failure message="null" type="junit.framework.AssertionFailedError">junit.framework.AssertionFailedError: null
	at RandoopTest0.test36(RandoopTest0.java:1357)
</failure>
  </testcase>
  <testcase classname="RandoopTest0" name="test37" time="0.0">
    <failure message="null" type="junit.framework.AssertionFailedError">junit.framework.AssertionFailedError: null
	at RandoopTest0.test37(RandoopTest0.java:1379)
</failure>
  </testcase>
  <testcase classname="RandoopTest0" name="test38" time="0.0">
    <failure message="null" type="junit.framework.AssertionFailedError">junit.framework.AssertionFailedError: null
	at RandoopTest0.test38(RandoopTest0.java:1419)
</failure>
  </testcase>
  <testcase classname="RandoopTest0" name="test39" time="0.001">
    <failure message="null" type="junit.framework.AssertionFailedError">junit.framework.AssertionFailedError: null
	at RandoopTest0.test39(RandoopTest0.java:1467)
</failure>
  </testcase>
  <testcase classname="RandoopTest0" name="test40" time="0.0">
    <failure message="null" type="junit.framework.AssertionFailedError">junit.framework.AssertionFailedError: null
	at RandoopTest0.test40(RandoopTest0.java:1509)
</failure>
  </testcase>
  <testcase classname="RandoopTest0" name="test41" time="0.001">
    <failure message="null" type="junit.framework.AssertionFailedError">junit.framework.AssertionFailedError: null
	at RandoopTest0.test41(RandoopTest0.java:1544)
</failure>
  </testcase>
  <testcase classname="RandoopTest0" name="test42" time="0.0">
    <failure message="null" type="junit.framework.AssertionFailedError">junit.framework.AssertionFailedError: null
	at RandoopTest0.test42(RandoopTest0.java:1588)
</failure>
  </testcase>
  <testcase classname="RandoopTest0" name="test43" time="0.0">
    <failure message="null" type="junit.framework.AssertionFailedError">junit.framework.AssertionFailedError: null
	at RandoopTest0.test43(RandoopTest0.java:1639)
</failure>
  </testcase>
  <testcase classname="RandoopTest0" name="test44" time="0.001">
    <failure message="null" type="junit.framework.AssertionFailedError">junit.framework.AssertionFailedError: null
	at RandoopTest0.test44(RandoopTest0.java:1682)
</failure>
  </testcase>
  <testcase classname="RandoopTest0" name="test45" time="0.0">
    <failure message="null" type="junit.framework.AssertionFailedError">junit.framework.AssertionFailedError: null
	at RandoopTest0.test45(RandoopTest0.java:1720)
</failure>
  </testcase>
  <testcase classname="RandoopTest0" name="test46" time="0.0">
    <failure message="null" type="junit.framework.AssertionFailedError">junit.framework.AssertionFailedError: null
	at RandoopTest0.test46(RandoopTest0.java:1763)
</failure>
  </testcase>
  <testcase classname="RandoopTest0" name="test47" time="0.0">
    <failure message="null" type="junit.framework.AssertionFailedError">junit.framework.AssertionFailedError: null
	at RandoopTest0.test47(RandoopTest0.java:1813)
</failure>
  </testcase>
  <testcase classname="RandoopTest0" name="test48" time="0.0">
    <failure message="null" type="junit.framework.AssertionFailedError">junit.framework.AssertionFailedError: null
	at RandoopTest0.test48(RandoopTest0.java:1868)
</failure>
  </testcase>
  <testcase classname="RandoopTest0" name="test49" time="0.0">
    <failure message="null" type="junit.framework.AssertionFailedError">junit.framework.AssertionFailedError: null
	at RandoopTest0.test49(RandoopTest0.java:1929)
</failure>
  </testcase>
  <testcase classname="RandoopTest0" name="test50" time="0.001">
    <failure message="null" type="junit.framework.AssertionFailedError">junit.framework.AssertionFailedError: null
	at RandoopTest0.test50(RandoopTest0.java:1984)
</failure>
  </testcase>
  <testcase classname="RandoopTest0" name="test51" time="0.0">
    <failure message="null" type="junit.framework.AssertionFailedError">junit.framework.AssertionFailedError: null
	at RandoopTest0.test51(RandoopTest0.java:2021)
</failure>
  </testcase>
  <testcase classname="RandoopTest0" name="test52" time="0.001">
    <failure message="null" type="junit.framework.AssertionFailedError">junit.framework.AssertionFailedError: null
	at RandoopTest0.test52(RandoopTest0.java:2057)
</failure>
  </testcase>
  <testcase classname="RandoopTest0" name="test53" time="0.0">
    <failure message="null" type="junit.framework.AssertionFailedError">junit.framework.AssertionFailedError: null
	at RandoopTest0.test53(RandoopTest0.java:2093)
</failure>
  </testcase>
  <testcase classname="RandoopTest0" name="test54" time="0.001">
    <failure message="null" type="junit.framework.AssertionFailedError">junit.framework.AssertionFailedError: null
	at RandoopTest0.test54(RandoopTest0.java:2136)
</failure>
  </testcase>
  <testcase classname="RandoopTest0" name="test55" time="0.0">
    <failure message="null" type="junit.framework.AssertionFailedError">junit.framework.AssertionFailedError: null
	at RandoopTest0.test55(RandoopTest0.java:2174)
</failure>
  </testcase>
  <testcase classname="RandoopTest0" name="test56" time="0.001">
    <failure message="null" type="junit.framework.AssertionFailedError">junit.framework.AssertionFailedError: null
	at RandoopTest0.test56(RandoopTest0.java:2219)
</failure>
  </testcase>
  <testcase classname="RandoopTest0" name="test57" time="0.0">
    <failure message="null" type="junit.framework.AssertionFailedError">junit.framework.AssertionFailedError: null
	at RandoopTest0.test57(RandoopTest0.java:2270)
</failure>
  </testcase>
  <testcase classname="RandoopTest0" name="test58" time="0.0">
    <failure message="null" type="junit.framework.AssertionFailedError">junit.framework.AssertionFailedError: null
	at RandoopTest0.test58(RandoopTest0.java:2295)
</failure>
  </testcase>
  <testcase classname="RandoopTest0" name="test59" time="0.0">
    <failure message="null" type="junit.framework.AssertionFailedError">junit.framework.AssertionFailedError: null
	at RandoopTest0.test59(RandoopTest0.java:2342)
</failure>
  </testcase>
  <testcase classname="RandoopTest0" name="test60" time="0.001">
    <failure message="null" type="junit.framework.AssertionFailedError">junit.framework.AssertionFailedError: null
	at RandoopTest0.test60(RandoopTest0.java:2388)
</failure>
  </testcase>
  <testcase classname="RandoopTest0" name="test61" time="0.0">
    <failure message="null" type="junit.framework.AssertionFailedError">junit.framework.AssertionFailedError: null
	at RandoopTest0.test61(RandoopTest0.java:2447)
</failure>
  </testcase>
  <testcase classname="RandoopTest0" name="test62" time="0.001">
    <failure message="null" type="junit.framework.AssertionFailedError">junit.framework.AssertionFailedError: null
	at RandoopTest0.test62(RandoopTest0.java:2500)
</failure>
  </testcase>
  <testcase classname="RandoopTest0" name="test63" time="0.0">
    <failure message="null" type="junit.framework.AssertionFailedError">junit.framework.AssertionFailedError: null
	at RandoopTest0.test63(RandoopTest0.java:2554)
</failure>
  </testcase>
  <testcase classname="RandoopTest0" name="test64" time="0.001">
    <failure message="null" type="junit.framework.AssertionFailedError">junit.framework.AssertionFailedError: null
	at RandoopTest0.test64(RandoopTest0.java:2608)
</failure>
  </testcase>
  <testcase classname="RandoopTest0" name="test65" time="0.0">
    <failure message="null" type="junit.framework.AssertionFailedError">junit.framework.AssertionFailedError: null
	at RandoopTest0.test65(RandoopTest0.java:2655)
</failure>
  </testcase>
  <testcase classname="RandoopTest0" name="test66" time="0.0">
    <failure message="null" type="junit.framework.AssertionFailedError">junit.framework.AssertionFailedError: null
	at RandoopTest0.test66(RandoopTest0.java:2704)
</failure>
  </testcase>
  <testcase classname="RandoopTest0" name="test67" time="0.001">
    <failure message="null" type="junit.framework.AssertionFailedError">junit.framework.AssertionFailedError: null
	at RandoopTest0.test67(RandoopTest0.java:2747)
</failure>
  </testcase>
  <testcase classname="RandoopTest0" name="test68" time="0.0">
    <failure message="null" type="junit.framework.AssertionFailedError">junit.framework.AssertionFailedError: null
	at RandoopTest0.test68(RandoopTest0.java:2804)
</failure>
  </testcase>
  <testcase classname="RandoopTest0" name="test69" time="0.0">
    <failure message="null" type="junit.framework.AssertionFailedError">junit.framework.AssertionFailedError: null
	at RandoopTest0.test69(RandoopTest0.java:2847)
</failure>
  </testcase>
  <testcase classname="RandoopTest0" name="test70" time="0.0">
    <failure message="null" type="junit.framework.AssertionFailedError">junit.framework.AssertionFailedError: null
	at RandoopTest0.test70(RandoopTest0.java:2886)
</failure>
  </testcase>
  <testcase classname="RandoopTest0" name="test71" time="0.0">
    <failure message="null" type="junit.framework.AssertionFailedError">junit.framework.AssertionFailedError: null
	at RandoopTest0.test71(RandoopTest0.java:2929)
</failure>
  </testcase>
  <testcase classname="RandoopTest0" name="test72" time="0.0">
    <failure message="null" type="junit.framework.AssertionFailedError">junit.framework.AssertionFailedError: null
	at RandoopTest0.test72(RandoopTest0.java:2967)
</failure>
  </testcase>
  <testcase classname="RandoopTest0" name="test73" time="0.0">
    <failure message="null" type="junit.framework.AssertionFailedError">junit.framework.AssertionFailedError: null
	at RandoopTest0.test73(RandoopTest0.java:3008)
</failure>
  </testcase>
  <testcase classname="RandoopTest0" name="test74" time="0.0">
    <failure message="null" type="junit.framework.AssertionFailedError">junit.framework.AssertionFailedError: null
	at RandoopTest0.test74(RandoopTest0.java:3047)
</failure>
  </testcase>
  <testcase classname="RandoopTest0" name="test75" time="0.0">
    <failure message="null" type="junit.framework.AssertionFailedError">junit.framework.AssertionFailedError: null
	at RandoopTest0.test75(RandoopTest0.java:3075)
</failure>
  </testcase>
  <testcase classname="RandoopTest0" name="test76" time="0.001">
    <failure message="null" type="junit.framework.AssertionFailedError">junit.framework.AssertionFailedError: null
	at RandoopTest0.test76(RandoopTest0.java:3135)
</failure>
  </testcase>
  <testcase classname="RandoopTest0" name="test77" time="0.0">
    <failure message="null" type="junit.framework.AssertionFailedError">junit.framework.AssertionFailedError: null
	at RandoopTest0.test77(RandoopTest0.java:3189)
</failure>
  </testcase>
  <testcase classname="RandoopTest0" name="test78" time="0.0">
    <failure message="null" type="junit.framework.AssertionFailedError">junit.framework.AssertionFailedError: null
	at RandoopTest0.test78(RandoopTest0.java:3239)
</failure>
  </testcase>
  <testcase classname="RandoopTest0" name="test79" time="0.0">
    <failure message="null" type="junit.framework.AssertionFailedError">junit.framework.AssertionFailedError: null
	at RandoopTest0.test79(RandoopTest0.java:3300)
</failure>
  </testcase>
  <testcase classname="RandoopTest0" name="test80" time="0.0">
    <failure message="null" type="junit.framework.AssertionFailedError">junit.framework.AssertionFailedError: null
	at RandoopTest0.test80(RandoopTest0.java:3345)
</failure>
  </testcase>
  <testcase classname="RandoopTest0" name="test81" time="0.0">
    <failure message="null" type="junit.framework.AssertionFailedError">junit.framework.AssertionFailedError: null
	at RandoopTest0.test81(RandoopTest0.java:3380)
</failure>
  </testcase>
  <testcase classname="RandoopTest0" name="test82" time="0.0">
    <failure message="null" type="junit.framework.AssertionFailedError">junit.framework.AssertionFailedError: null
	at RandoopTest0.test82(RandoopTest0.java:3421)
</failure>
  </testcase>
  <testcase classname="RandoopTest0" name="test83" time="0.0">
    <failure message="null" type="junit.framework.AssertionFailedError">junit.framework.AssertionFailedError: null
	at RandoopTest0.test83(RandoopTest0.java:3461)
</failure>
  </testcase>
  <testcase classname="RandoopTest0" name="test84" time="0.001">
    <failure message="null" type="junit.framework.AssertionFailedError">junit.framework.AssertionFailedError: null
	at RandoopTest0.test84(RandoopTest0.java:3501)
</failure>
  </testcase>
  <testcase classname="RandoopTest0" name="test85" time="0.0">
    <failure message="null" type="junit.framework.AssertionFailedError">junit.framework.AssertionFailedError: null
	at RandoopTest0.test85(RandoopTest0.java:3549)
</failure>
  </testcase>
  <testcase classname="RandoopTest0" name="test86" time="0.001">
    <failure message="null" type="junit.framework.AssertionFailedError">junit.framework.AssertionFailedError: null
	at RandoopTest0.test86(RandoopTest0.java:3594)
</failure>
  </testcase>
  <testcase classname="RandoopTest0" name="test87" time="0.0">
    <failure message="null" type="junit.framework.AssertionFailedError">junit.framework.AssertionFailedError: null
	at RandoopTest0.test87(RandoopTest0.java:3636)
</failure>
  </testcase>
  <testcase classname="RandoopTest0" name="test88" time="0.003">
    <failure message="null" type="junit.framework.AssertionFailedError">junit.framework.AssertionFailedError: null
	at RandoopTest0.test88(RandoopTest0.java:3668)
</failure>
  </testcase>
  <testcase classname="RandoopTest0" name="test89" time="0.0">
    <failure message="null" type="junit.framework.AssertionFailedError">junit.framework.AssertionFailedError: null
	at RandoopTest0.test89(RandoopTest0.java:3702)
</failure>
  </testcase>
  <testcase classname="RandoopTest0" name="test90" time="0.0">
    <failure message="null" type="junit.framework.AssertionFailedError">junit.framework.AssertionFailedError: null
	at RandoopTest0.test90(RandoopTest0.java:3749)
</failure>
  </testcase>
  <testcase classname="RandoopTest0" name="test91" time="0.0">
    <failure message="null" type="junit.framework.AssertionFailedError">junit.framework.AssertionFailedError: null
	at RandoopTest0.test91(RandoopTest0.java:3789)
</failure>
  </testcase>
  <testcase classname="RandoopTest0" name="test92" time="0.0">
    <failure message="null" type="junit.framework.AssertionFailedError">junit.framework.AssertionFailedError: null
	at RandoopTest0.test92(RandoopTest0.java:3830)
</failure>
  </testcase>
  <testcase classname="RandoopTest0" name="test93" time="0.0">
    <failure message="null" type="junit.framework.AssertionFailedError">junit.framework.AssertionFailedError: null
	at RandoopTest0.test93(RandoopTest0.java:3882)
</failure>
  </testcase>
  <testcase classname="RandoopTest0" name="test94" time="0.0" />
  <testcase classname="RandoopTest0" name="test95" time="0.0">
    <failure message="null" type="junit.framework.AssertionFailedError">junit.framework.AssertionFailedError: null
	at RandoopTest0.test95(RandoopTest0.java:4011)
</failure>
  </testcase>
  <testcase classname="RandoopTest0" name="test96" time="0.0">
    <failure message="null" type="junit.framework.AssertionFailedError">junit.framework.AssertionFailedError: null
	at RandoopTest0.test96(RandoopTest0.java:4057)
</failure>
  </testcase>
  <testcase classname="RandoopTest0" name="test97" time="0.0">
    <failure message="null" type="junit.framework.AssertionFailedError">junit.framework.AssertionFailedError: null
	at RandoopTest0.test97(RandoopTest0.java:4110)
</failure>
  </testcase>
  <testcase classname="RandoopTest0" name="test98" time="0.001">
    <failure message="null" type="junit.framework.AssertionFailedError">junit.framework.AssertionFailedError: null
	at RandoopTest0.test98(RandoopTest0.java:4169)
</failure>
  </testcase>
  <testcase classname="RandoopTest0" name="test99" time="0.0">
    <failure message="null" type="junit.framework.AssertionFailedError">junit.framework.AssertionFailedError: null
	at RandoopTest0.test99(RandoopTest0.java:4211)
</failure>
  </testcase>
  <testcase classname="RandoopTest0" name="test100" time="0.0">
    <failure message="null" type="junit.framework.AssertionFailedError">junit.framework.AssertionFailedError: null
	at RandoopTest0.test100(RandoopTest0.java:4259)
</failure>
  </testcase>
  <testcase classname="RandoopTest0" name="test101" time="0.001">
    <failure message="null" type="junit.framework.AssertionFailedError">junit.framework.AssertionFailedError: null
	at RandoopTest0.test101(RandoopTest0.java:4315)
</failure>
  </testcase>
  <testcase classname="RandoopTest0" name="test102" time="0.0">
    <failure message="null" type="junit.framework.AssertionFailedError">junit.framework.AssertionFailedError: null
	at RandoopTest0.test102(RandoopTest0.java:4367)
</failure>
  </testcase>
  <testcase classname="RandoopTest0" name="test103" time="0.0">
    <failure message="null" type="junit.framework.AssertionFailedError">junit.framework.AssertionFailedError: null
	at RandoopTest0.test103(RandoopTest0.java:4416)
</failure>
  </testcase>
  <testcase classname="RandoopTest0" name="test104" time="0.001">
    <failure message="null" type="junit.framework.AssertionFailedError">junit.framework.AssertionFailedError: null
	at RandoopTest0.test104(RandoopTest0.java:4467)
</failure>
  </testcase>
  <testcase classname="RandoopTest0" name="test105" time="0.0">
    <failure message="null" type="junit.framework.AssertionFailedError">junit.framework.AssertionFailedError: null
	at RandoopTest0.test105(RandoopTest0.java:4519)
</failure>
  </testcase>
  <testcase classname="RandoopTest0" name="test106" time="0.0">
    <failure message="null" type="junit.framework.AssertionFailedError">junit.framework.AssertionFailedError: null
	at RandoopTest0.test106(RandoopTest0.java:4561)
</failure>
  </testcase>
  <testcase classname="RandoopTest0" name="test107" time="0.0">
    <failure message="null" type="junit.framework.AssertionFailedError">junit.framework.AssertionFailedError: null
	at RandoopTest0.test107(RandoopTest0.java:4617)
</failure>
  </testcase>
  <testcase classname="RandoopTest0" name="test108" time="0.001">
    <failure message="null" type="junit.framework.AssertionFailedError">junit.framework.AssertionFailedError: null
	at RandoopTest0.test108(RandoopTest0.java:4671)
</failure>
  </testcase>
  <testcase classname="RandoopTest0" name="test109" time="0.0">
    <failure message="null" type="junit.framework.AssertionFailedError">junit.framework.AssertionFailedError: null
	at RandoopTest0.test109(RandoopTest0.java:4724)
</failure>
  </testcase>
  <testcase classname="RandoopTest0" name="test110" time="0.0">
    <failure message="null" type="junit.framework.AssertionFailedError">junit.framework.AssertionFailedError: null
	at RandoopTest0.test110(RandoopTest0.java:4764)
</failure>
  </testcase>
  <testcase classname="RandoopTest0" name="test111" time="0.0">
    <failure message="null" type="junit.framework.AssertionFailedError">junit.framework.AssertionFailedError: null
	at RandoopTest0.test111(RandoopTest0.java:4799)
</failure>
  </testcase>
  <testcase classname="RandoopTest0" name="test112" time="0.001">
    <failure message="null" type="junit.framework.AssertionFailedError">junit.framework.AssertionFailedError: null
	at RandoopTest0.test112(RandoopTest0.java:4831)
</failure>
  </testcase>
  <testcase classname="RandoopTest0" name="test113" time="0.0">
    <failure message="null" type="junit.framework.AssertionFailedError">junit.framework.AssertionFailedError: null
	at RandoopTest0.test113(RandoopTest0.java:4878)
</failure>
  </testcase>
  <testcase classname="RandoopTest0" name="test114" time="0.0">
    <failure message="null" type="junit.framework.AssertionFailedError">junit.framework.AssertionFailedError: null
	at RandoopTest0.test114(RandoopTest0.java:4899)
</failure>
  </testcase>
  <testcase classname="RandoopTest0" name="test115" time="0.0">
    <failure message="null" type="junit.framework.AssertionFailedError">junit.framework.AssertionFailedError: null
	at RandoopTest0.test115(RandoopTest0.java:4931)
</failure>
  </testcase>
  <testcase classname="RandoopTest0" name="test116" time="0.0">
    <failure message="null" type="junit.framework.AssertionFailedError">junit.framework.AssertionFailedError: null
	at RandoopTest0.test116(RandoopTest0.java:4963)
</failure>
  </testcase>
  <testcase classname="RandoopTest0" name="test117" time="0.0">
    <failure message="null" type="junit.framework.AssertionFailedError">junit.framework.AssertionFailedError: null
	at RandoopTest0.test117(RandoopTest0.java:5003)
</failure>
  </testcase>
  <testcase classname="RandoopTest0" name="test118" time="0.0">
    <failure message="null" type="junit.framework.AssertionFailedError">junit.framework.AssertionFailedError: null
	at RandoopTest0.test118(RandoopTest0.java:5042)
</failure>
  </testcase>
  <testcase classname="RandoopTest0" name="test119" time="0.001">
    <failure message="null" type="junit.framework.AssertionFailedError">junit.framework.AssertionFailedError: null
	at RandoopTest0.test119(RandoopTest0.java:5086)
</failure>
  </testcase>
  <testcase classname="RandoopTest0" name="test120" time="0.0">
    <failure message="null" type="junit.framework.AssertionFailedError">junit.framework.AssertionFailedError: null
	at RandoopTest0.test120(RandoopTest0.java:5127)
</failure>
  </testcase>
  <testcase classname="RandoopTest0" name="test121" time="0.0">
    <failure message="null" type="junit.framework.AssertionFailedError">junit.framework.AssertionFailedError: null
	at RandoopTest0.test121(RandoopTest0.java:5168)
</failure>
  </testcase>
  <testcase classname="RandoopTest0" name="test122" time="0.0">
    <failure message="null" type="junit.framework.AssertionFailedError">junit.framework.AssertionFailedError: null
	at RandoopTest0.test122(RandoopTest0.java:5215)
</failure>
  </testcase>
  <testcase classname="RandoopTest0" name="test123" time="0.0">
    <failure message="null" type="junit.framework.AssertionFailedError">junit.framework.AssertionFailedError: null
	at RandoopTest0.test123(RandoopTest0.java:5240)
</failure>
  </testcase>
  <testcase classname="RandoopTest0" name="test124" time="0.0">
    <failure message="null" type="junit.framework.AssertionFailedError">junit.framework.AssertionFailedError: null
	at RandoopTest0.test124(RandoopTest0.java:5284)
</failure>
  </testcase>
  <testcase classname="RandoopTest0" name="test125" time="0.0">
    <failure message="null" type="junit.framework.AssertionFailedError">junit.framework.AssertionFailedError: null
	at RandoopTest0.test125(RandoopTest0.java:5317)
</failure>
  </testcase>
  <testcase classname="RandoopTest0" name="test126" time="0.0">
    <failure message="null" type="junit.framework.AssertionFailedError">junit.framework.AssertionFailedError: null
	at RandoopTest0.test126(RandoopTest0.java:5359)
</failure>
  </testcase>
  <testcase classname="RandoopTest0" name="test127" time="0.0">
    <failure message="null" type="junit.framework.AssertionFailedError">junit.framework.AssertionFailedError: null
	at RandoopTest0.test127(RandoopTest0.java:5396)
</failure>
  </testcase>
  <testcase classname="RandoopTest0" name="test128" time="0.0">
    <failure message="null" type="junit.framework.AssertionFailedError">junit.framework.AssertionFailedError: null
	at RandoopTest0.test128(RandoopTest0.java:5444)
</failure>
  </testcase>
  <testcase classname="RandoopTest0" name="test129" time="0.0">
    <failure message="null" type="junit.framework.AssertionFailedError">junit.framework.AssertionFailedError: null
	at RandoopTest0.test129(RandoopTest0.java:5491)
</failure>
  </testcase>
  <testcase classname="RandoopTest0" name="test130" time="0.0">
    <failure message="null" type="junit.framework.AssertionFailedError">junit.framework.AssertionFailedError: null
	at RandoopTest0.test130(RandoopTest0.java:5542)
</failure>
  </testcase>
  <testcase classname="RandoopTest0" name="test131" time="0.0">
    <failure message="null" type="junit.framework.AssertionFailedError">junit.framework.AssertionFailedError: null
	at RandoopTest0.test131(RandoopTest0.java:5591)
</failure>
  </testcase>
  <testcase classname="RandoopTest0" name="test132" time="0.0">
    <failure message="null" type="junit.framework.AssertionFailedError">junit.framework.AssertionFailedError: null
	at RandoopTest0.test132(RandoopTest0.java:5647)
</failure>
  </testcase>
  <testcase classname="RandoopTest0" name="test133" time="0.0">
    <failure message="null" type="junit.framework.AssertionFailedError">junit.framework.AssertionFailedError: null
	at RandoopTest0.test133(RandoopTest0.java:5686)
</failure>
  </testcase>
  <testcase classname="RandoopTest0" name="test134" time="0.0">
    <failure message="null" type="junit.framework.AssertionFailedError">junit.framework.AssertionFailedError: null
	at RandoopTest0.test134(RandoopTest0.java:5721)
</failure>
  </testcase>
  <testcase classname="RandoopTest0" name="test135" time="0.0">
    <failure message="null" type="junit.framework.AssertionFailedError">junit.framework.AssertionFailedError: null
	at RandoopTest0.test135(RandoopTest0.java:5764)
</failure>
  </testcase>
  <testcase classname="RandoopTest0" name="test136" time="0.0">
    <failure message="null" type="junit.framework.AssertionFailedError">junit.framework.AssertionFailedError: null
	at RandoopTest0.test136(RandoopTest0.java:5812)
</failure>
  </testcase>
  <system-out><![CDATA[EMMA: collecting runtime coverage data ...
EMMA: runtime controller started on port [47653]
]]></system-out>
  <system-err><![CDATA[]]></system-err>
</testsuite>
